<?xml version="1.0" encoding="UTF-8"?>
<!-- Generated by org.testng.reporters.JUnitReportReporter -->
<testsuite skipped="0" hostname="DESKTOP-0CV2FCB" name="practice.Demo2" tests="1" failures="0" timestamp="2021-06-22T11:02:38 IST" time="0.014" errors="0">
  <testcase name="test" time="0.014" classname="practice.Demo2"/>
  <system-out>
    <![CDATA[hii]]>
  </system-out>
</testsuite> <!-- practice.Demo2 -->
