<?xml version="1.0" encoding="UTF-8"?>
<!-- Generated by org.testng.reporters.JUnitReportReporter -->
<testsuite skipped="0" hostname="DESKTOP-0CV2FCB" name="com.actitime.testscript.TaskModule" tests="1" failures="0" timestamp="2021-06-27T02:20:48 IST" time="0.015" errors="0">
  <testcase name="deleteTask" time="0.015" classname="com.actitime.testscript.TaskModule"/>
  <system-out>
    <![CDATA[delete task]]>
  </system-out>
</testsuite> <!-- com.actitime.testscript.TaskModule -->
