<?xml version="1.0" encoding="UTF-8"?>
<!-- Generated by org.testng.reporters.JUnitReportReporter -->
<testsuite skipped="0" hostname="DESKTOP-0CV2FCB" name="com.actitime.testscript.Screenshots" tests="1" failures="0" timestamp="2021-06-29T00:38:18 IST" time="18.926" errors="0">
  <testcase name="testScreenShot" time="18.926" classname="com.actitime.testscript.Screenshots"/>
  <system-out/>
</testsuite> <!-- com.actitime.testscript.Screenshots -->
