<?xml version="1.0" encoding="UTF-8"?>
<!-- Generated by org.testng.reporters.JUnitReportReporter -->
<testsuite skipped="0" hostname="DESKTOP-0CV2FCB" name="com.actitime.testscript.ProjectModule" tests="2" failures="0" timestamp="2021-06-27T02:14:25 IST" time="0.016" errors="0">
  <testcase name="deleteProject" time="0.002" classname="com.actitime.testscript.ProjectModule"/>
  <system-out>
    <![CDATA[delete project]]>
  </system-out>
  <testcase name="createProject" time="0.014" classname="com.actitime.testscript.ProjectModule"/>
  <system-out>
    <![CDATA[create project]]>
  </system-out>
</testsuite> <!-- com.actitime.testscript.ProjectModule -->
