<?xml version="1.0" encoding="UTF-8"?>
<!-- Generated by org.testng.reporters.JUnitReportReporter -->
<testsuite skipped="0" hostname="DESKTOP-0CV2FCB" name="qsp.TestDemo" tests="5" failures="0" timestamp="2021-06-21T01:12:27 IST" time="0.031" errors="0">
  <testcase name="createCustomer" time="0.000" classname="qsp.TestDemo"/>
  <system-out>
    <![CDATA[createcustomer]]>
  </system-out>
  <testcase name="createCustomer" time="0.000" classname="qsp.TestDemo"/>
  <system-out>
    <![CDATA[createcustomer]]>
  </system-out>
  <testcase name="createCustomer" time="0.016" classname="qsp.TestDemo"/>
  <system-out>
    <![CDATA[createcustomer]]>
  </system-out>
  <testcase name="modifyCustomer" time="0.000" classname="qsp.TestDemo"/>
  <system-out>
    <![CDATA[modifycustomer]]>
  </system-out>
  <testcase name="deleteCustomer" time="0.015" classname="qsp.TestDemo"/>
  <system-out>
    <![CDATA[deletecustomer]]>
  </system-out>
</testsuite> <!-- qsp.TestDemo -->
